Using pre-set license
Built from '2020.3/staging' branch; Version is '2020.3.15f1 (5e502cb56e17) revision 6180908'; Using compiler version '192528614'; Build Type 'Release'
OS: 'Windows 10 Home; OS build 19042.1165; Version 2009; 64bit' Language: 'en' Physical Memory: 16338 MB
BatchMode: 1, IsHumanControllingUs: 0, StartBugReporterOnCrash: 0, Is64bit: 1, IsPro: 0

 COMMAND LINE ARGUMENTS:
C:\Program Files\Unity\2020.3.15f1\Editor\Unity.exe
-adb2
-batchMode
-noUpm
-name
AssetImportWorker0
-projectPath
C:/Users/jakri/Documents/Unity Projects/Stadium_Shade_Test
-logFile
Logs/AssetImportWorker0.log
-srvPort
62915
Successfully changed project path to: C:/Users/jakri/Documents/Unity Projects/Stadium_Shade_Test
C:/Users/jakri/Documents/Unity Projects/Stadium_Shade_Test
Using Asset Import Pipeline V2.
Refreshing native plugins compatible for Editor in 42.97 ms, found 2 plugins.
Preloading 0 native plugins for Editor in 0.00 ms.
Initialize engine version: 2020.3.15f1 (5e502cb56e17)
[Subsystems] Discovering subsystems at path C:/Program Files/Unity/2020.3.15f1/Editor/Data/Resources/UnitySubsystems
[Subsystems] Discovering subsystems at path C:/Users/jakri/Documents/Unity Projects/Stadium_Shade_Test/Assets
GfxDevice: creating device client; threaded=0
Direct3D:
    Version:  Direct3D 11.0 [level 11.1]
    Renderer: NVIDIA GeForce GTX 1080 (ID=0x1b80)
    Vendor:   
    VRAM:     8079 MB
    Driver:   30.0.14.7168
Initialize mono
Mono path[0] = 'C:/Program Files/Unity/2020.3.15f1/Editor/Data/Managed'
Mono path[1] = 'C:/Program Files/Unity/2020.3.15f1/Editor/Data/MonoBleedingEdge/lib/mono/unityjit'
Mono config path = 'C:/Program Files/Unity/2020.3.15f1/Editor/Data/MonoBleedingEdge/etc'
Using monoOptions --debugger-agent=transport=dt_socket,embedding=1,server=y,suspend=n,address=127.0.0.1:56200
Begin MonoManager ReloadAssembly
Registering precompiled unity dll's ...
Register platform support module: C:/Program Files/Unity/2020.3.15f1/Editor/Data/PlaybackEngines/WindowsStandaloneSupport/UnityEditor.WindowsStandalone.Extensions.dll
Registered in 0.001784 seconds.
Native extension for WindowsStandalone target not found
Refreshing native plugins compatible for Editor in 41.22 ms, found 2 plugins.
Preloading 0 native plugins for Editor in 0.00 ms.
Mono: successfully reloaded assembly
- Completed reload, in  0.976 seconds
Domain Reload Profiling:
	ReloadAssembly (976ms)
		BeginReloadAssembly (45ms)
			ExecutionOrderSort (0ms)
			DisableScriptedObjects (0ms)
			BackupInstance (0ms)
			ReleaseScriptingObjects (0ms)
			CreateAndSetChildDomain (1ms)
		EndReloadAssembly (351ms)
			LoadAssemblies (44ms)
			RebuildTransferFunctionScriptingTraits (0ms)
			SetupTypeCache (128ms)
			ReleaseScriptCaches (0ms)
			RebuildScriptCaches (24ms)
			SetupLoadedEditorAssemblies (141ms)
				LogAssemblyErrors (0ms)
				InitializePlatformSupportModulesInManaged (3ms)
				SetLoadedEditorAssemblies (0ms)
				RefreshPlugins (41ms)
				BeforeProcessingInitializeOnLoad (11ms)
				ProcessInitializeOnLoadAttributes (64ms)
				ProcessInitializeOnLoadMethodAttributes (22ms)
				AfterProcessingInitializeOnLoad (0ms)
				EditorAssembliesLoaded (0ms)
			ExecutionOrderSort2 (0ms)
			AwakeInstancesAfterBackupRestoration (0ms)
Platform modules already initialized, skipping
Registering precompiled user dll's ...
Registered in 0.004336 seconds.
Begin MonoManager ReloadAssembly
Native extension for WindowsStandalone target not found
Refreshing native plugins compatible for Editor in 40.15 ms, found 2 plugins.
Preloading 0 native plugins for Editor in 0.00 ms.
Mono: successfully reloaded assembly
- Completed reload, in  1.039 seconds
Domain Reload Profiling:
	ReloadAssembly (1040ms)
		BeginReloadAssembly (121ms)
			ExecutionOrderSort (0ms)
			DisableScriptedObjects (4ms)
			BackupInstance (0ms)
			ReleaseScriptingObjects (0ms)
			CreateAndSetChildDomain (14ms)
		EndReloadAssembly (869ms)
			LoadAssemblies (80ms)
			RebuildTransferFunctionScriptingTraits (0ms)
			SetupTypeCache (288ms)
			ReleaseScriptCaches (0ms)
			RebuildScriptCaches (41ms)
			SetupLoadedEditorAssemblies (354ms)
				LogAssemblyErrors (0ms)
				InitializePlatformSupportModulesInManaged (3ms)
				SetLoadedEditorAssemblies (0ms)
				RefreshPlugins (40ms)
				BeforeProcessingInitializeOnLoad (80ms)
				ProcessInitializeOnLoadAttributes (222ms)
				ProcessInitializeOnLoadMethodAttributes (4ms)
				AfterProcessingInitializeOnLoad (6ms)
				EditorAssembliesLoaded (0ms)
			ExecutionOrderSort2 (0ms)
			AwakeInstancesAfterBackupRestoration (5ms)
Platform modules already initialized, skipping
========================================================================
Worker process is ready to serve import requests
Shader 'Universal Render Pipeline/Particles/Lit': fallback shader 'Universal Render Pipeline/Particles/SimpleLit' not found
Shader 'Universal Render Pipeline/Particles/Lit': fallback shader 'Universal Render Pipeline/Particles/SimpleLit' not found
Launched and connected shader compiler UnityShaderCompiler.exe after 0.05 seconds
Refreshing native plugins compatible for Editor in 0.60 ms, found 2 plugins.
Preloading 0 native plugins for Editor in 0.00 ms.
Unloading 2719 Unused Serialized files (Serialized files now loaded: 0)
System memory in use before: 124.6 MB.
System memory in use after: 121.8 MB.

Unloading 55 unused Assets to reduce memory usage. Loaded Objects now: 3120.
Total: 3.452300 ms (FindLiveObjects: 0.219600 ms CreateObjectMapping: 0.110900 ms MarkObjects: 1.784800 ms  DeleteObjects: 1.336000 ms)

AssetImportParameters requested are different than current active one (requested -> active):
  custom:framework-win-MediaFoundation: 216162199b28c13a410421893ffa2e32 -> 
  custom:video-decoder-ogg-theora: a1e56fd34408186e4bbccfd4996cb3dc -> 
  custom:container-muxer-webm: aa71ff27fc2769a1b78a27578f13a17b -> 
  custom:container-demuxer-webm: 4f35f7cbe854078d1ac9338744f61a02 -> 
  custom:container-demuxer-ogg: 62fdf1f143b41e24485cea50d1cbac27 -> 
  custom:video-encoder-webm-vp8: eb34c28f22e8b96e1ab97ce403110664 -> 
  custom:video-decoder-webm-vp8: 9c59270c3fd7afecdb556c50c9e8de78 -> 
  custom:audio-decoder-ogg-vorbis: bf7c407c2cedff20999df2af8eb42d56 -> 
  custom:audio-encoder-webm-vorbis: bf7c407c2cedff20999df2af8eb42d56 -> 
========================================================================
Received Import Request.
  path: Assets/My Prefabs/XR Rig.prefab
  artifactKey: Guid(3761086fcca4f654a82d791b7e0eb09c) Importer(815301076,1909f56bfc062723c751e8b465ee728b)
Start importing Assets/My Prefabs/XR Rig.prefab using Guid(3761086fcca4f654a82d791b7e0eb09c) Importer(815301076,1909f56bfc062723c751e8b465ee728b)  -> (artifact id: '215bbff9495dd943b1b5296d5aca209c') in 0.218611 seconds 
  Import took 0.223836 seconds .

========================================================================
Received Import Request.
  Time since last request: 201.111708 seconds.
  path: Assets/Scripts/MenuManager.cs
  artifactKey: Guid(779c693dff5f8a44c8bd74f32cd3eea5) Importer(815301076,1909f56bfc062723c751e8b465ee728b)
Start importing Assets/Scripts/MenuManager.cs using Guid(779c693dff5f8a44c8bd74f32cd3eea5) Importer(815301076,1909f56bfc062723c751e8b465ee728b)  -> (artifact id: '6ed2d450e485e5619a31b18f09f75557') in 0.023103 seconds 
  Import took 0.026724 seconds .

========================================================================
Received Import Request.
  Time since last request: 2.892700 seconds.
  path: Assets/Scripts/GameManager.cs
  artifactKey: Guid(6490bd293121ab541bfc5dcffc81c343) Importer(815301076,1909f56bfc062723c751e8b465ee728b)
Start importing Assets/Scripts/GameManager.cs using Guid(6490bd293121ab541bfc5dcffc81c343) Importer(815301076,1909f56bfc062723c751e8b465ee728b)  -> (artifact id: '71a5d41f2404f814ed52253a0f1b30e8') in 0.020618 seconds 
  Import took 0.023772 seconds .

========================================================================
Received Import Request.
  Time since last request: 214.879963 seconds.
  path: Assets/Scripts/SimpleCameraController.cs
  artifactKey: Guid(be76e5f14cfee674cb30b491fb72b09b) Importer(815301076,1909f56bfc062723c751e8b465ee728b)
Start importing Assets/Scripts/SimpleCameraController.cs using Guid(be76e5f14cfee674cb30b491fb72b09b) Importer(815301076,1909f56bfc062723c751e8b465ee728b)  -> (artifact id: '955abd3cda824ab24d40fd3150435e5e') in 0.019549 seconds 
  Import took 0.024774 seconds .

========================================================================
Received Import Request.
  Time since last request: 0.003330 seconds.
  path: Assets/Scripts/SimpleCameraController.cs
  artifactKey: Guid(be76e5f14cfee674cb30b491fb72b09b) Importer(815301076,1909f56bfc062723c751e8b465ee728b)
Start importing Assets/Scripts/SimpleCameraController.cs using Guid(be76e5f14cfee674cb30b491fb72b09b) Importer(815301076,1909f56bfc062723c751e8b465ee728b)  -> (artifact id: '955abd3cda824ab24d40fd3150435e5e') in 0.021056 seconds 
  Import took 0.024679 seconds .

========================================================================
Received Prepare
Registering precompiled user dll's ...
Registered in 0.004344 seconds.
Begin MonoManager ReloadAssembly
Native extension for WindowsStandalone target not found
Refreshing native plugins compatible for Editor in 0.39 ms, found 2 plugins.
Preloading 0 native plugins for Editor in 0.00 ms.
Mono: successfully reloaded assembly
- Completed reload, in  0.958 seconds
Domain Reload Profiling:
	ReloadAssembly (958ms)
		BeginReloadAssembly (107ms)
			ExecutionOrderSort (0ms)
			DisableScriptedObjects (5ms)
			BackupInstance (0ms)
			ReleaseScriptingObjects (0ms)
			CreateAndSetChildDomain (29ms)
		EndReloadAssembly (801ms)
			LoadAssemblies (74ms)
			RebuildTransferFunctionScriptingTraits (0ms)
			SetupTypeCache (268ms)
			ReleaseScriptCaches (1ms)
			RebuildScriptCaches (33ms)
			SetupLoadedEditorAssemblies (307ms)
				LogAssemblyErrors (0ms)
				InitializePlatformSupportModulesInManaged (3ms)
				SetLoadedEditorAssemblies (0ms)
				RefreshPlugins (0ms)
				BeforeProcessingInitializeOnLoad (74ms)
				ProcessInitializeOnLoadAttributes (219ms)
				ProcessInitializeOnLoadMethodAttributes (3ms)
				AfterProcessingInitializeOnLoad (6ms)
				EditorAssembliesLoaded (0ms)
			ExecutionOrderSort2 (0ms)
			AwakeInstancesAfterBackupRestoration (12ms)
Platform modules already initialized, skipping
Shader 'Universal Render Pipeline/Particles/Lit': fallback shader 'Universal Render Pipeline/Particles/SimpleLit' not found
Shader 'Universal Render Pipeline/Particles/Lit': fallback shader 'Universal Render Pipeline/Particles/SimpleLit' not found
Refreshing native plugins compatible for Editor in 0.39 ms, found 2 plugins.
Preloading 0 native plugins for Editor in 0.00 ms.
Unloading 2633 Unused Serialized files (Serialized files now loaded: 0)
System memory in use before: 125.0 MB.
System memory in use after: 122.3 MB.

Unloading 50 unused Assets to reduce memory usage. Loaded Objects now: 3168.
Total: 2.983600 ms (FindLiveObjects: 0.232800 ms CreateObjectMapping: 0.110900 ms MarkObjects: 1.603100 ms  DeleteObjects: 1.035800 ms)

AssetImportParameters requested are different than current active one (requested -> active):
  custom:framework-win-MediaFoundation: 216162199b28c13a410421893ffa2e32 -> 
  custom:video-decoder-ogg-theora: a1e56fd34408186e4bbccfd4996cb3dc -> 
  custom:container-muxer-webm: aa71ff27fc2769a1b78a27578f13a17b -> 
  custom:container-demuxer-webm: 4f35f7cbe854078d1ac9338744f61a02 -> 
  custom:container-demuxer-ogg: 62fdf1f143b41e24485cea50d1cbac27 -> 
  custom:video-encoder-webm-vp8: eb34c28f22e8b96e1ab97ce403110664 -> 
  custom:video-decoder-webm-vp8: 9c59270c3fd7afecdb556c50c9e8de78 -> 
  custom:audio-decoder-ogg-vorbis: bf7c407c2cedff20999df2af8eb42d56 -> 
  custom:audio-encoder-webm-vorbis: bf7c407c2cedff20999df2af8eb42d56 -> 
========================================================================
Received Import Request.
  Time since last request: 86.555079 seconds.
  path: Assets/My Prefabs/Main Camera.prefab
  artifactKey: Guid(960c97784d5c9e246bf9952d4881134d) Importer(815301076,1909f56bfc062723c751e8b465ee728b)
Start importing Assets/My Prefabs/Main Camera.prefab using Guid(960c97784d5c9e246bf9952d4881134d) Importer(815301076,1909f56bfc062723c751e8b465ee728b)  -> (artifact id: 'ba6856b5e7785bc7681776cd05d37680') in 0.045231 seconds 
  Import took 0.048731 seconds .

========================================================================
Received Import Request.
  Time since last request: 0.000629 seconds.
  path: Assets/My Prefabs/Main Camera.prefab
  artifactKey: Guid(960c97784d5c9e246bf9952d4881134d) Importer(815301076,1909f56bfc062723c751e8b465ee728b)
Start importing Assets/My Prefabs/Main Camera.prefab using Guid(960c97784d5c9e246bf9952d4881134d) Importer(815301076,1909f56bfc062723c751e8b465ee728b)  -> (artifact id: 'ba6856b5e7785bc7681776cd05d37680') in 0.021525 seconds 
  Import took 0.025498 seconds .

========================================================================
Received Prepare
Registering precompiled user dll's ...
Registered in 0.004174 seconds.
Begin MonoManager ReloadAssembly
Native extension for WindowsStandalone target not found
Refreshing native plugins compatible for Editor in 0.48 ms, found 2 plugins.
Preloading 0 native plugins for Editor in 0.00 ms.
Mono: successfully reloaded assembly
- Completed reload, in  1.465 seconds
Domain Reload Profiling:
	ReloadAssembly (1466ms)
		BeginReloadAssembly (109ms)
			ExecutionOrderSort (0ms)
			DisableScriptedObjects (6ms)
			BackupInstance (0ms)
			ReleaseScriptingObjects (0ms)
			CreateAndSetChildDomain (28ms)
		EndReloadAssembly (1300ms)
			LoadAssemblies (89ms)
			RebuildTransferFunctionScriptingTraits (0ms)
			SetupTypeCache (431ms)
			ReleaseScriptCaches (1ms)
			RebuildScriptCaches (57ms)
			SetupLoadedEditorAssemblies (446ms)
				LogAssemblyErrors (0ms)
				InitializePlatformSupportModulesInManaged (3ms)
				SetLoadedEditorAssemblies (0ms)
				RefreshPlugins (1ms)
				BeforeProcessingInitializeOnLoad (123ms)
				ProcessInitializeOnLoadAttributes (304ms)
				ProcessInitializeOnLoadMethodAttributes (6ms)
				AfterProcessingInitializeOnLoad (9ms)
				EditorAssembliesLoaded (0ms)
			ExecutionOrderSort2 (0ms)
			AwakeInstancesAfterBackupRestoration (44ms)
Platform modules already initialized, skipping
Shader 'Universal Render Pipeline/Particles/Lit': fallback shader 'Universal Render Pipeline/Particles/SimpleLit' not found
Shader 'Universal Render Pipeline/Particles/Lit': fallback shader 'Universal Render Pipeline/Particles/SimpleLit' not found
Refreshing native plugins compatible for Editor in 0.41 ms, found 2 plugins.
Preloading 0 native plugins for Editor in 0.00 ms.
Unloading 2710 Unused Serialized files (Serialized files now loaded: 0)
System memory in use before: 127.7 MB.
System memory in use after: 124.9 MB.

Unloading 50 unused Assets to reduce memory usage. Loaded Objects now: 3249.
Total: 3.493300 ms (FindLiveObjects: 0.232800 ms CreateObjectMapping: 0.121700 ms MarkObjects: 1.927100 ms  DeleteObjects: 1.210600 ms)

AssetImportParameters requested are different than current active one (requested -> active):
  custom:framework-win-MediaFoundation: 216162199b28c13a410421893ffa2e32 -> 
  custom:video-decoder-ogg-theora: a1e56fd34408186e4bbccfd4996cb3dc -> 
  custom:container-muxer-webm: aa71ff27fc2769a1b78a27578f13a17b -> 
  custom:container-demuxer-webm: 4f35f7cbe854078d1ac9338744f61a02 -> 
  custom:container-demuxer-ogg: 62fdf1f143b41e24485cea50d1cbac27 -> 
  custom:video-encoder-webm-vp8: eb34c28f22e8b96e1ab97ce403110664 -> 
  custom:video-decoder-webm-vp8: 9c59270c3fd7afecdb556c50c9e8de78 -> 
  custom:audio-decoder-ogg-vorbis: bf7c407c2cedff20999df2af8eb42d56 -> 
  custom:audio-encoder-webm-vorbis: bf7c407c2cedff20999df2af8eb42d56 -> 
========================================================================
Received Prepare
Registering precompiled user dll's ...
Registered in 0.005308 seconds.
Begin MonoManager ReloadAssembly
Native extension for WindowsStandalone target not found
Refreshing native plugins compatible for Editor in 0.50 ms, found 5 plugins.
Preloading 1 native plugins for Editor in 1.02 ms.
Instance of Unity.XR.Oculus.OculusLoader couldn't be created because there is no script with that name.
UnityEngine.StackTraceUtility:ExtractStackTrace ()
UnityEngine.ScriptableObject:CreateInstance (string)
UnityEditor.XR.Management.EditorUtilities:CreateScriptableObjectInstance (string,string) (at Library/PackageCache/com.unity.xr.management@4.1.0/Editor/EditorUtilities.cs:95)
UnityEditor.XR.Management.XRPackageInitializationBootstrap:InitializeLoaderFromMetadata (string,System.Collections.Generic.List`1<UnityEditor.XR.Management.Metadata.IXRLoaderMetadata>) (at Library/PackageCache/com.unity.xr.management@4.1.0/Editor/XRPackageInitialization.cs:152)
UnityEditor.XR.Management.XRPackageInitializationBootstrap:InitializePackageFromMetadata (UnityEditor.XR.Management.Metadata.IXRPackage,UnityEditor.XR.Management.Metadata.IXRPackageMetadata) (at Library/PackageCache/com.unity.xr.management@4.1.0/Editor/XRPackageInitialization.cs:129)
UnityEditor.XR.Management.XRPackageInitializationBootstrap:InitPackage (UnityEditor.XR.Management.Metadata.IXRPackage) (at Library/PackageCache/com.unity.xr.management@4.1.0/Editor/XRPackageInitialization.cs:118)
UnityEditor.XR.Management.XRPackageInitializationBootstrap:BeginPackageInitialization () (at Library/PackageCache/com.unity.xr.management@4.1.0/Editor/XRPackageInitialization.cs:87)
UnityEditor.XR.Management.XRPackageInitializationBootstrap:.cctor () (at Library/PackageCache/com.unity.xr.management@4.1.0/Editor/XRPackageInitialization.cs:50)
System.Runtime.CompilerServices.RuntimeHelpers:RunClassConstructor (System.RuntimeTypeHandle)
UnityEditor.EditorAssemblies:ProcessInitializeOnLoadAttributes (System.Type[])

[Library/PackageCache/com.unity.xr.management@4.1.0/Editor/EditorUtilities.cs line 95]

We were unable to create an instance of the requested type Unity.XR.Oculus.OculusLoader. Please make sure that all packages are updated to support this version of XR Plug-In Management. See the Unity documentation for XR Plug-In Management for information on resolving this issue.
UnityEngine.StackTraceUtility:ExtractStackTrace ()
UnityEngine.DebugLogHandler:LogFormat (UnityEngine.LogType,UnityEngine.Object,string,object[])
UnityEngine.Logger:Log (UnityEngine.LogType,object)
UnityEngine.Debug:LogError (object)
UnityEditor.XR.Management.EditorUtilities:CreateScriptableObjectInstance (string,string) (at Library/PackageCache/com.unity.xr.management@4.1.0/Editor/EditorUtilities.cs:108)
UnityEditor.XR.Management.XRPackageInitializationBootstrap:InitializeLoaderFromMetadata (string,System.Collections.Generic.List`1<UnityEditor.XR.Management.Metadata.IXRLoaderMetadata>) (at Library/PackageCache/com.unity.xr.management@4.1.0/Editor/XRPackageInitialization.cs:152)
UnityEditor.XR.Management.XRPackageInitializationBootstrap:InitializePackageFromMetadata (UnityEditor.XR.Management.Metadata.IXRPackage,UnityEditor.XR.Management.Metadata.IXRPackageMetadata) (at Library/PackageCache/com.unity.xr.management@4.1.0/Editor/XRPackageInitialization.cs:129)
UnityEditor.XR.Management.XRPackageInitializationBootstrap:InitPackage (UnityEditor.XR.Management.Metadata.IXRPackage) (at Library/PackageCache/com.unity.xr.management@4.1.0/Editor/XRPackageInitialization.cs:118)
UnityEditor.XR.Management.XRPackageInitializationBootstrap:BeginPackageInitialization () (at Library/PackageCache/com.unity.xr.management@4.1.0/Editor/XRPackageInitialization.cs:87)
UnityEditor.XR.Management.XRPackageInitializationBootstrap:.cctor () (at Library/PackageCache/com.unity.xr.management@4.1.0/Editor/XRPackageInitialization.cs:50)
System.Runtime.CompilerServices.RuntimeHelpers:RunClassConstructor (System.RuntimeTypeHandle)
UnityEditor.EditorAssemblies:ProcessInitializeOnLoadAttributes (System.Type[])

(Filename: Library/PackageCache/com.unity.xr.management@4.1.0/Editor/EditorUtilities.cs Line: 108)

Error creating instance of loader Oculus for package Oculus XR Plugin
UnityEngine.StackTraceUtility:ExtractStackTrace ()
UnityEngine.DebugLogHandler:LogFormat (UnityEngine.LogType,UnityEngine.Object,string,object[])
UnityEngine.Logger:Log (UnityEngine.LogType,object)
UnityEngine.Debug:LogError (object)
UnityEditor.XR.Management.XRPackageInitializationBootstrap:InitializeLoaderFromMetadata (string,System.Collections.Generic.List`1<UnityEditor.XR.Management.Metadata.IXRLoaderMetadata>) (at Library/PackageCache/com.unity.xr.management@4.1.0/Editor/XRPackageInitialization.cs:157)
UnityEditor.XR.Management.XRPackageInitializationBootstrap:InitializePackageFromMetadata (UnityEditor.XR.Management.Metadata.IXRPackage,UnityEditor.XR.Management.Metadata.IXRPackageMetadata) (at Library/PackageCache/com.unity.xr.management@4.1.0/Editor/XRPackageInitialization.cs:129)
UnityEditor.XR.Management.XRPackageInitializationBootstrap:InitPackage (UnityEditor.XR.Management.Metadata.IXRPackage) (at Library/PackageCache/com.unity.xr.management@4.1.0/Editor/XRPackageInitialization.cs:118)
UnityEditor.XR.Management.XRPackageInitializationBootstrap:BeginPackageInitialization () (at Library/PackageCache/com.unity.xr.management@4.1.0/Editor/XRPackageInitialization.cs:87)
UnityEditor.XR.Management.XRPackageInitializationBootstrap:.cctor () (at Library/PackageCache/com.unity.xr.management@4.1.0/Editor/XRPackageInitialization.cs:50)
System.Runtime.CompilerServices.RuntimeHelpers:RunClassConstructor (System.RuntimeTypeHandle)
UnityEditor.EditorAssemblies:ProcessInitializeOnLoadAttributes (System.Type[])

(Filename: Library/PackageCache/com.unity.xr.management@4.1.0/Editor/XRPackageInitialization.cs Line: 157)

Instance of Unity.XR.Oculus.OculusSettings couldn't be created because there is no script with that name.
UnityEngine.StackTraceUtility:ExtractStackTrace ()
UnityEngine.ScriptableObject:CreateInstance (string)
UnityEditor.XR.Management.EditorUtilities:CreateScriptableObjectInstance (string,string) (at Library/PackageCache/com.unity.xr.management@4.1.0/Editor/EditorUtilities.cs:95)
UnityEditor.XR.Management.XRPackageInitializationBootstrap:InitializeSettingsFromMetadata (UnityEditor.XR.Management.Metadata.IXRPackage,string,string) (at Library/PackageCache/com.unity.xr.management@4.1.0/Editor/XRPackageInitialization.cs:183)
UnityEditor.XR.Management.XRPackageInitializationBootstrap:InitializePackageFromMetadata (UnityEditor.XR.Management.Metadata.IXRPackage,UnityEditor.XR.Management.Metadata.IXRPackageMetadata) (at Library/PackageCache/com.unity.xr.management@4.1.0/Editor/XRPackageInitialization.cs:130)
UnityEditor.XR.Management.XRPackageInitializationBootstrap:InitPackage (UnityEditor.XR.Management.Metadata.IXRPackage) (at Library/PackageCache/com.unity.xr.management@4.1.0/Editor/XRPackageInitialization.cs:118)
UnityEditor.XR.Management.XRPackageInitializationBootstrap:BeginPackageInitialization () (at Library/PackageCache/com.unity.xr.management@4.1.0/Editor/XRPackageInitialization.cs:87)
UnityEditor.XR.Management.XRPackageInitializationBootstrap:.cctor () (at Library/PackageCache/com.unity.xr.management@4.1.0/Editor/XRPackageInitialization.cs:50)
System.Runtime.CompilerServices.RuntimeHelpers:RunClassConstructor (System.RuntimeTypeHandle)
UnityEditor.EditorAssemblies:ProcessInitializeOnLoadAttributes (System.Type[])

[Library/PackageCache/com.unity.xr.management@4.1.0/Editor/EditorUtilities.cs line 95]

We were unable to create an instance of the requested type Unity.XR.Oculus.OculusSettings. Please make sure that all packages are updated to support this version of XR Plug-In Management. See the Unity documentation for XR Plug-In Management for information on resolving this issue.
UnityEngine.StackTraceUtility:ExtractStackTrace ()
UnityEngine.DebugLogHandler:LogFormat (UnityEngine.LogType,UnityEngine.Object,string,object[])
UnityEngine.Logger:Log (UnityEngine.LogType,object)
UnityEngine.Debug:LogError (object)
UnityEditor.XR.Management.EditorUtilities:CreateScriptableObjectInstance (string,string) (at Library/PackageCache/com.unity.xr.management@4.1.0/Editor/EditorUtilities.cs:108)
UnityEditor.XR.Management.XRPackageInitializationBootstrap:InitializeSettingsFromMetadata (UnityEditor.XR.Management.Metadata.IXRPackage,string,string) (at Library/PackageCache/com.unity.xr.management@4.1.0/Editor/XRPackageInitialization.cs:183)
UnityEditor.XR.Management.XRPackageInitializationBootstrap:InitializePackageFromMetadata (UnityEditor.XR.Management.Metadata.IXRPackage,UnityEditor.XR.Management.Metadata.IXRPackageMetadata) (at Library/PackageCache/com.unity.xr.management@4.1.0/Editor/XRPackageInitialization.cs:130)
UnityEditor.XR.Management.XRPackageInitializationBootstrap:InitPackage (UnityEditor.XR.Management.Metadata.IXRPackage) (at Library/PackageCache/com.unity.xr.management@4.1.0/Editor/XRPackageInitialization.cs:118)
UnityEditor.XR.Management.XRPackageInitializationBootstrap:BeginPackageInitialization () (at Library/PackageCache/com.unity.xr.management@4.1.0/Editor/XRPackageInitialization.cs:87)
UnityEditor.XR.Management.XRPackageInitializationBootstrap:.cctor () (at Library/PackageCache/com.unity.xr.management@4.1.0/Editor/XRPackageInitialization.cs:50)
System.Runtime.CompilerServices.RuntimeHelpers:RunClassConstructor (System.RuntimeTypeHandle)
UnityEditor.EditorAssemblies:ProcessInitializeOnLoadAttributes (System.Type[])

(Filename: Library/PackageCache/com.unity.xr.management@4.1.0/Editor/EditorUtilities.cs Line: 108)

Oculus XR Plugin package Initialization not completed. You will need to create any instances of the loaders and settings manually before you can use the intended XR Plug-in Package.
UnityEngine.StackTraceUtility:ExtractStackTrace ()
UnityEngine.DebugLogHandler:LogFormat (UnityEngine.LogType,UnityEngine.Object,string,object[])
UnityEngine.Logger:Log (UnityEngine.LogType,object)
UnityEngine.Debug:LogWarning (object)
UnityEditor.XR.Management.XRPackageInitializationBootstrap:InitPackage (UnityEditor.XR.Management.Metadata.IXRPackage) (at Library/PackageCache/com.unity.xr.management@4.1.0/Editor/XRPackageInitialization.cs:120)
UnityEditor.XR.Management.XRPackageInitializationBootstrap:BeginPackageInitialization () (at Library/PackageCache/com.unity.xr.management@4.1.0/Editor/XRPackageInitialization.cs:87)
UnityEditor.XR.Management.XRPackageInitializationBootstrap:.cctor () (at Library/PackageCache/com.unity.xr.management@4.1.0/Editor/XRPackageInitialization.cs:50)
System.Runtime.CompilerServices.RuntimeHelpers:RunClassConstructor (System.RuntimeTypeHandle)
UnityEditor.EditorAssemblies:ProcessInitializeOnLoadAttributes (System.Type[])

(Filename: Library/PackageCache/com.unity.xr.management@4.1.0/Editor/XRPackageInitialization.cs Line: 120)

[XR] OculusXRPlugin: registering subsystems
[XR] Unable to register display lifecyle provider: [1]
[XR] Oculus Input lifecycle provider registered.
[XR] Unable to register input lifecyle provider: [1]
System.Reflection.TargetInvocationException: Exception has been thrown by the target of an invocation. ---> System.NullReferenceException: Object reference not set to an instance of an object
  at Unity.XR.Oculus.OculusLoader.AssetPathToAbsolutePath (System.String assetPath) [0x00048] in C:\Users\jakri\Documents\Unity Projects\Stadium_Shade_Test\Library\PackageCache\com.unity.xr.oculus@1.9.1\Runtime\OculusLoader.cs:249 
  at Unity.XR.Oculus.OculusLoader.EditorLoadOVRPlugin () [0x0007b] in C:\Users\jakri\Documents\Unity Projects\Stadium_Shade_Test\Library\PackageCache\com.unity.xr.oculus@1.9.1\Runtime\OculusLoader.cs:234 
  at (wrapper managed-to-native) System.Reflection.MonoMethod.InternalInvoke(System.Reflection.MonoMethod,object,object[],System.Exception&)
  at System.Reflection.MonoMethod.Invoke (System.Object obj, System.Reflection.BindingFlags invokeAttr, System.Reflection.Binder binder, System.Object[] parameters, System.Globalization.CultureInfo culture) [0x00032] in <695d1cc93cca45069c528c15c9fdd749>:0 
   --- End of inner exception stack trace ---
  at System.Reflection.MonoMethod.Invoke (System.Object obj, System.Reflection.BindingFlags invokeAttr, System.Reflection.Binder binder, System.Object[] parameters, System.Globalization.CultureInfo culture) [0x00048] in <695d1cc93cca45069c528c15c9fdd749>:0 
  at System.Reflection.MethodBase.Invoke (System.Object obj, System.Object[] parameters) [0x00000] in <695d1cc93cca45069c528c15c9fdd749>:0 
  at UnityEditor.EditorAssemblies.ProcessInitializeOnLoadMethodAttributes () [0x00047] in <44c3723143904fb88deebc993c7bb491>:0 
UnityEngine.StackTraceUtility:ExtractStackTrace ()
UnityEngine.DebugLogHandler:LogFormat (UnityEngine.LogType,UnityEngine.Object,string,object[])
UnityEngine.Logger:Log (UnityEngine.LogType,object)
UnityEngine.Debug:LogError (object)
UnityEditor.EditorAssemblies:ProcessInitializeOnLoadMethodAttributes ()

Mono: successfully reloaded assembly
- Completed reload, in  1.178 seconds
Domain Reload Profiling:
	ReloadAssembly (1178ms)
		BeginReloadAssembly (96ms)
			ExecutionOrderSort (0ms)
			DisableScriptedObjects (5ms)
			BackupInstance (0ms)
			ReleaseScriptingObjects (0ms)
			CreateAndSetChildDomain (29ms)
		EndReloadAssembly (1024ms)
			LoadAssemblies (112ms)
			RebuildTransferFunctionScriptingTraits (0ms)
			SetupTypeCache (317ms)
			ReleaseScriptCaches (1ms)
			RebuildScriptCaches (38ms)
			SetupLoadedEditorAssemblies (412ms)
				LogAssemblyErrors (0ms)
				InitializePlatformSupportModulesInManaged (3ms)
				SetLoadedEditorAssemblies (0ms)
				RefreshPlugins (2ms)
				BeforeProcessingInitializeOnLoad (91ms)
				ProcessInitializeOnLoadAttributes (294ms)
				ProcessInitializeOnLoadMethodAttributes (14ms)
				AfterProcessingInitializeOnLoad (7ms)
				EditorAssembliesLoaded (0ms)
			ExecutionOrderSort2 (0ms)
			AwakeInstancesAfterBackupRestoration (20ms)
Platform modules already initialized, skipping
Shader 'Universal Render Pipeline/Particles/Lit': fallback shader 'Universal Render Pipeline/Particles/SimpleLit' not found
Shader 'Universal Render Pipeline/Particles/Lit': fallback shader 'Universal Render Pipeline/Particles/SimpleLit' not found
Refreshing native plugins compatible for Editor in 0.50 ms, found 5 plugins.
Preloading 1 native plugins for Editor in 0.07 ms.
Unloading 2736 Unused Serialized files (Serialized files now loaded: 0)
System memory in use before: 128.5 MB.
System memory in use after: 125.8 MB.

Unloading 51 unused Assets to reduce memory usage. Loaded Objects now: 3279.
Total: 3.356600 ms (FindLiveObjects: 0.228700 ms CreateObjectMapping: 0.110700 ms MarkObjects: 1.766700 ms  DeleteObjects: 1.249300 ms)

AssetImportParameters requested are different than current active one (requested -> active):
  custom:framework-win-MediaFoundation: 216162199b28c13a410421893ffa2e32 -> 
  custom:video-decoder-ogg-theora: a1e56fd34408186e4bbccfd4996cb3dc -> 
  custom:container-muxer-webm: aa71ff27fc2769a1b78a27578f13a17b -> 
  custom:container-demuxer-webm: 4f35f7cbe854078d1ac9338744f61a02 -> 
  custom:container-demuxer-ogg: 62fdf1f143b41e24485cea50d1cbac27 -> 
  custom:video-encoder-webm-vp8: eb34c28f22e8b96e1ab97ce403110664 -> 
  custom:video-decoder-webm-vp8: 9c59270c3fd7afecdb556c50c9e8de78 -> 
  custom:audio-decoder-ogg-vorbis: bf7c407c2cedff20999df2af8eb42d56 -> 
  custom:audio-encoder-webm-vorbis: bf7c407c2cedff20999df2af8eb42d56 -> 
========================================================================
Received Prepare
Registering precompiled user dll's ...
Registered in 0.011350 seconds.
Begin MonoManager ReloadAssembly
Native extension for WindowsStandalone target not found
Refreshing native plugins compatible for Editor in 0.48 ms, found 5 plugins.
Preloading 1 native plugins for Editor in 0.08 ms.
System.Reflection.TargetInvocationException: Exception has been thrown by the target of an invocation. ---> System.NullReferenceException: Object reference not set to an instance of an object
  at Unity.XR.Oculus.OculusLoader.AssetPathToAbsolutePath (System.String assetPath) [0x00048] in C:\Users\jakri\Documents\Unity Projects\Stadium_Shade_Test\Library\PackageCache\com.unity.xr.oculus@1.9.1\Runtime\OculusLoader.cs:249 
  at Unity.XR.Oculus.OculusLoader.EditorLoadOVRPlugin () [0x0007b] in C:\Users\jakri\Documents\Unity Projects\Stadium_Shade_Test\Library\PackageCache\com.unity.xr.oculus@1.9.1\Runtime\OculusLoader.cs:234 
  at (wrapper managed-to-native) System.Reflection.MonoMethod.InternalInvoke(System.Reflection.MonoMethod,object,object[],System.Exception&)
  at System.Reflection.MonoMethod.Invoke (System.Object obj, System.Reflection.BindingFlags invokeAttr, System.Reflection.Binder binder, System.Object[] parameters, System.Globalization.CultureInfo culture) [0x00032] in <695d1cc93cca45069c528c15c9fdd749>:0 
   --- End of inner exception stack trace ---
  at System.Reflection.MonoMethod.Invoke (System.Object obj, System.Reflection.BindingFlags invokeAttr, System.Reflection.Binder binder, System.Object[] parameters, System.Globalization.CultureInfo culture) [0x00048] in <695d1cc93cca45069c528c15c9fdd749>:0 
  at System.Reflection.MethodBase.Invoke (System.Object obj, System.Object[] parameters) [0x00000] in <695d1cc93cca45069c528c15c9fdd749>:0 
  at UnityEditor.EditorAssemblies.ProcessInitializeOnLoadMethodAttributes () [0x00047] in <44c3723143904fb88deebc993c7bb491>:0 
UnityEngine.StackTraceUtility:ExtractStackTrace ()
UnityEngine.DebugLogHandler:LogFormat (UnityEngine.LogType,UnityEngine.Object,string,object[])
UnityEngine.Logger:Log (UnityEngine.LogType,object)
UnityEngine.Debug:LogError (object)
UnityEditor.EditorAssemblies:ProcessInitializeOnLoadMethodAttributes ()

Mono: successfully reloaded assembly
- Completed reload, in  1.001 seconds
Domain Reload Profiling:
	ReloadAssembly (1002ms)
		BeginReloadAssembly (96ms)
			ExecutionOrderSort (0ms)
			DisableScriptedObjects (4ms)
			BackupInstance (0ms)
			ReleaseScriptingObjects (0ms)
			CreateAndSetChildDomain (26ms)
		EndReloadAssembly (852ms)
			LoadAssemblies (80ms)
			RebuildTransferFunctionScriptingTraits (0ms)
			SetupTypeCache (256ms)
			ReleaseScriptCaches (1ms)
			RebuildScriptCaches (33ms)
			SetupLoadedEditorAssemblies (370ms)
				LogAssemblyErrors (0ms)
				InitializePlatformSupportModulesInManaged (4ms)
				SetLoadedEditorAssemblies (0ms)
				RefreshPlugins (1ms)
				BeforeProcessingInitializeOnLoad (106ms)
				ProcessInitializeOnLoadAttributes (240ms)
				ProcessInitializeOnLoadMethodAttributes (12ms)
				AfterProcessingInitializeOnLoad (6ms)
				EditorAssembliesLoaded (0ms)
			ExecutionOrderSort2 (0ms)
			AwakeInstancesAfterBackupRestoration (11ms)
Platform modules already initialized, skipping
Shader 'Universal Render Pipeline/Particles/Lit': fallback shader 'Universal Render Pipeline/Particles/SimpleLit' not found
Shader 'Universal Render Pipeline/Particles/Lit': fallback shader 'Universal Render Pipeline/Particles/SimpleLit' not found
Refreshing native plugins compatible for Editor in 0.47 ms, found 5 plugins.
Preloading 1 native plugins for Editor in 0.07 ms.
Unloading 2724 Unused Serialized files (Serialized files now loaded: 0)
System memory in use before: 128.4 MB.
System memory in use after: 125.6 MB.

Unloading 51 unused Assets to reduce memory usage. Loaded Objects now: 3283.
Total: 3.162500 ms (FindLiveObjects: 0.211200 ms CreateObjectMapping: 0.099400 ms MarkObjects: 1.676200 ms  DeleteObjects: 1.175000 ms)

AssetImportParameters requested are different than current active one (requested -> active):
  custom:framework-win-MediaFoundation: 216162199b28c13a410421893ffa2e32 -> 
  custom:video-decoder-ogg-theora: a1e56fd34408186e4bbccfd4996cb3dc -> 
  custom:container-muxer-webm: aa71ff27fc2769a1b78a27578f13a17b -> 
  custom:container-demuxer-webm: 4f35f7cbe854078d1ac9338744f61a02 -> 
  custom:container-demuxer-ogg: 62fdf1f143b41e24485cea50d1cbac27 -> 
  custom:video-encoder-webm-vp8: eb34c28f22e8b96e1ab97ce403110664 -> 
  custom:video-decoder-webm-vp8: 9c59270c3fd7afecdb556c50c9e8de78 -> 
  custom:audio-decoder-ogg-vorbis: bf7c407c2cedff20999df2af8eb42d56 -> 
  custom:audio-encoder-webm-vorbis: bf7c407c2cedff20999df2af8eb42d56 -> 
========================================================================
Received Prepare
Registering precompiled user dll's ...
Registered in 0.012932 seconds.
Begin MonoManager ReloadAssembly
Native extension for WindowsStandalone target not found
Refreshing native plugins compatible for Editor in 46.86 ms, found 10 plugins.
Preloading 1 native plugins for Editor in 0.10 ms.
Mono: successfully reloaded assembly
- Completed reload, in  0.793 seconds
Domain Reload Profiling:
	ReloadAssembly (793ms)
		BeginReloadAssembly (93ms)
			ExecutionOrderSort (0ms)
			DisableScriptedObjects (5ms)
			BackupInstance (0ms)
			ReleaseScriptingObjects (0ms)
			CreateAndSetChildDomain (26ms)
		EndReloadAssembly (646ms)
			LoadAssemblies (68ms)
			RebuildTransferFunctionScriptingTraits (0ms)
			SetupTypeCache (219ms)
			ReleaseScriptCaches (1ms)
			RebuildScriptCaches (30ms)
			SetupLoadedEditorAssemblies (206ms)
				LogAssemblyErrors (0ms)
				InitializePlatformSupportModulesInManaged (3ms)
				SetLoadedEditorAssemblies (0ms)
				RefreshPlugins (47ms)
				BeforeProcessingInitializeOnLoad (72ms)
				ProcessInitializeOnLoadAttributes (73ms)
				ProcessInitializeOnLoadMethodAttributes (4ms)
				AfterProcessingInitializeOnLoad (6ms)
				EditorAssembliesLoaded (0ms)
			ExecutionOrderSort2 (0ms)
			AwakeInstancesAfterBackupRestoration (6ms)
Platform modules already initialized, skipping
Shader 'Universal Render Pipeline/Particles/Lit': fallback shader 'Universal Render Pipeline/Particles/SimpleLit' not found
Shader 'Universal Render Pipeline/Particles/Lit': fallback shader 'Universal Render Pipeline/Particles/SimpleLit' not found
Refreshing native plugins compatible for Editor in 0.69 ms, found 10 plugins.
Preloading 1 native plugins for Editor in 0.07 ms.
Unloading 3118 Unused Serialized files (Serialized files now loaded: 0)
System memory in use before: 138.5 MB.
System memory in use after: 134.8 MB.

Unloading 124 unused Assets to reduce memory usage. Loaded Objects now: 3601.
Total: 3.590600 ms (FindLiveObjects: 0.305000 ms CreateObjectMapping: 0.173500 ms MarkObjects: 1.170500 ms  DeleteObjects: 1.940600 ms)

AssetImportParameters requested are different than current active one (requested -> active):
  custom:framework-win-MediaFoundation: 216162199b28c13a410421893ffa2e32 -> 
  custom:video-decoder-ogg-theora: a1e56fd34408186e4bbccfd4996cb3dc -> 
  custom:container-muxer-webm: aa71ff27fc2769a1b78a27578f13a17b -> 
  custom:container-demuxer-webm: 4f35f7cbe854078d1ac9338744f61a02 -> 
  custom:container-demuxer-ogg: 62fdf1f143b41e24485cea50d1cbac27 -> 
  custom:srp/default-shader: 0000e00a000e0de00000e000e0000000 -> 00a0da0d000000000000000000000000
  custom:video-encoder-webm-vp8: eb34c28f22e8b96e1ab97ce403110664 -> 
  custom:video-decoder-webm-vp8: 9c59270c3fd7afecdb556c50c9e8de78 -> 
  custom:audio-decoder-ogg-vorbis: bf7c407c2cedff20999df2af8eb42d56 -> 
  custom:audio-encoder-webm-vorbis: bf7c407c2cedff20999df2af8eb42d56 -> 
========================================================================
Received Import Request.
  Time since last request: 246.572985 seconds.
  path: Assets/My Prefabs/XR Rig.prefab
  artifactKey: Guid(3761086fcca4f654a82d791b7e0eb09c) Importer(815301076,1909f56bfc062723c751e8b465ee728b)
Start importing Assets/My Prefabs/XR Rig.prefab using Guid(3761086fcca4f654a82d791b7e0eb09c) Importer(815301076,1909f56bfc062723c751e8b465ee728b)  -> (artifact id: '215bbff9495dd943b1b5296d5aca209c') in 0.090789 seconds 
  Import took 0.095657 seconds .

========================================================================
Received Import Request.
  Time since last request: 0.009635 seconds.
  path: Assets/My Prefabs/XR Rig.prefab
  artifactKey: Guid(3761086fcca4f654a82d791b7e0eb09c) Importer(815301076,1909f56bfc062723c751e8b465ee728b)
Start importing Assets/My Prefabs/XR Rig.prefab using Guid(3761086fcca4f654a82d791b7e0eb09c) Importer(815301076,1909f56bfc062723c751e8b465ee728b)  -> (artifact id: '215bbff9495dd943b1b5296d5aca209c') in 0.024529 seconds 
  Import took 0.028650 seconds .

AssetImportWorkerClient::OnTransportError - code=2 error=End of file
